\BOOKMARK [1][-]{Doc-Start}{\376\377\000S\000u\000m\000m\000a\000r\000y}{}% 1
\BOOKMARK [1][-]{chapter*.1}{\376\377\000A\000c\000k\000n\000o\000w\000l\000e\000d\000g\000e\000m\000e\000n\000t\000s}{}% 2
\BOOKMARK [1][-]{chapter*.2}{\376\377\000R\000e\000v\000i\000s\000i\000o\000n\000\040\000h\000i\000s\000t\000o\000r\000y\000\040\000a\000n\000d\000\040\000a\000p\000p\000r\000o\000v\000a\000l\000\040\000r\000e\000c\000o\000r\000d}{}% 3
\BOOKMARK [1][-]{chapter*.2}{\376\377\000C\000o\000n\000t\000e\000n\000t\000s}{}% 4
\BOOKMARK [1][-]{chapter*.4}{\376\377\000L\000i\000s\000t\000\040\000o\000f\000\040\000f\000i\000g\000u\000r\000e\000s}{}% 5
\BOOKMARK [1][-]{chapter*.5}{\376\377\000L\000i\000s\000t\000\040\000o\000f\000\040\000t\000a\000b\000l\000e\000s}{}% 6
\BOOKMARK [1][-]{chapter*.5}{\376\377\000A\000b\000b\000r\000e\000v\000i\000a\000t\000i\000o\000n\000s}{}% 7
\BOOKMARK [0][-]{chapter.1}{\376\377\000I\000n\000t\000r\000o\000d\000u\000c\000t\000i\000o\000n}{}% 8
\BOOKMARK [1][-]{section.1.1}{\376\377\000W\000o\000r\000k\000\040\000g\000o\000a\000l\000s}{chapter.1}% 9
\BOOKMARK [1][-]{section.1.2}{\376\377\000R\000e\000q\000u\000i\000r\000e\000m\000e\000n\000t\000s\000\040\000a\000n\000d\000\040\000s\000p\000e\000c\000i\000f\000i\000c\000a\000t\000i\000o\000n\000s}{chapter.1}% 10
\BOOKMARK [1][-]{section.1.3}{\376\377\000M\000e\000t\000h\000o\000d\000s\000\040\000a\000n\000d\000\040\000p\000r\000o\000c\000e\000d\000u\000r\000e\000s}{chapter.1}% 11
\BOOKMARK [1][-]{section.1.4}{\376\377\000W\000o\000r\000k\000\040\000p\000l\000a\000n}{chapter.1}% 12
\BOOKMARK [0][-]{chapter.2}{\376\377\000S\000t\000a\000t\000e\000\040\000o\000f\000\040\000t\000h\000e\000\040\000a\000r\000t}{}% 13
\BOOKMARK [1][-]{section.2.1}{\376\377\000C\000h\000a\000n\000n\000e\000l\000\040\000k\000n\000o\000w\000l\000e\000d\000g\000e\000\040\000m\000a\000p\000s\000\040\000a\000s\000\040\000t\000h\000e\000\040\000t\000h\000e\000s\000i\000s\000\040\000c\000o\000n\000t\000e\000x\000t}{chapter.2}% 14
\BOOKMARK [1][-]{section.2.2}{\376\377\000C\000l\000a\000s\000s\000i\000c\000a\000l\000\040\000p\000r\000o\000p\000a\000g\000a\000t\000i\000o\000n\000\040\000m\000o\000d\000e\000l\000s\000\040\000a\000n\000d\000\040\000c\000h\000a\000n\000n\000e\000l\000\040\000s\000t\000a\000t\000i\000s\000t\000i\000c\000s}{chapter.2}% 15
\BOOKMARK [2][-]{subsection.2.2.1}{\376\377\000F\000r\000e\000e\000-\000s\000p\000a\000c\000e\000\040\000a\000n\000d\000\040\000t\000w\000o\000-\000r\000a\000y\000\040\000p\000r\000o\000p\000a\000g\000a\000t\000i\000o\000n}{section.2.2}% 16
\BOOKMARK [2][-]{subsection.2.2.2}{\376\377\000E\000m\000p\000i\000r\000i\000c\000a\000l\000\040\000a\000n\000d\000\040\000s\000e\000m\000i\000-\000e\000m\000p\000i\000r\000i\000c\000a\000l\000\040\000m\000o\000d\000e\000l\000s}{section.2.2}% 17
\BOOKMARK [2][-]{subsection.2.2.3}{\376\377\000U\000A\000V\000\040\000a\000n\000d\000\040\000a\000i\000r\000-\000t\000o\000-\000g\000r\000o\000u\000n\000d\000\040\000c\000h\000a\000n\000n\000e\000l\000\040\000m\000o\000d\000e\000l\000s}{section.2.2}% 18
\BOOKMARK [2][-]{subsection.2.2.4}{\376\377\000D\000e\000l\000a\000y\000\040\000s\000p\000r\000e\000a\000d\000\040\000a\000n\000d\000\040\000a\000n\000g\000u\000l\000a\000r\000\040\000s\000p\000r\000e\000a\000d\000\040\000i\000n\000\040\000s\000t\000a\000n\000d\000a\000r\000d\000\040\000c\000h\000a\000n\000n\000e\000l\000\040\000m\000o\000d\000e\000l\000s}{section.2.2}% 19
\BOOKMARK [1][-]{section.2.3}{\376\377\000D\000e\000e\000p\000\040\000l\000e\000a\000r\000n\000i\000n\000g\000\040\000f\000o\000r\000\040\000r\000a\000d\000i\000o\000-\000m\000a\000p\000\040\000e\000s\000t\000i\000m\000a\000t\000i\000o\000n}{chapter.2}% 20
\BOOKMARK [2][-]{subsection.2.3.1}{\376\377\000I\000m\000a\000g\000e\000-\000t\000o\000-\000i\000m\000a\000g\000e\000\040\000t\000r\000a\000n\000s\000l\000a\000t\000i\000o\000n\000\040\000b\000a\000s\000e\000l\000i\000n\000e\000s}{section.2.3}% 21
\BOOKMARK [2][-]{subsection.2.3.2}{\376\377\000P\000M\000N\000e\000t\000\040\000a\000n\000d\000\040\000t\000h\000e\000\040\000I\000C\000A\000S\000S\000P\000\040\000o\000u\000t\000d\000o\000o\000r\000\040\000c\000h\000a\000l\000l\000e\000n\000g\000e\000\040\000f\000a\000m\000i\000l\000y}{section.2.3}% 22
\BOOKMARK [2][-]{subsection.2.3.3}{\376\377\000T\000r\000a\000n\000s\000f\000o\000r\000m\000e\000r\000s\000,\000\040\000s\000t\000a\000t\000e\000-\000s\000p\000a\000c\000e\000\040\000m\000o\000d\000e\000l\000s\000,\000\040\000a\000n\000d\000\040\000a\000t\000t\000e\000n\000t\000i\000o\000n\000-\000b\000a\000s\000e\000d\000\040\000e\000n\000c\000o\000d\000e\000r\000s}{section.2.3}% 23
\BOOKMARK [2][-]{subsection.2.3.4}{\376\377\000F\000o\000u\000n\000d\000a\000t\000i\000o\000n\000\040\000m\000o\000d\000e\000l\000s\000\040\000f\000o\000r\000\040\000r\000a\000d\000i\000o\000\040\000m\000a\000p\000s}{section.2.3}% 24
\BOOKMARK [1][-]{section.2.4}{\376\377\000P\000h\000y\000s\000i\000c\000s\000-\000i\000n\000f\000o\000r\000m\000e\000d\000\040\000a\000n\000d\000\040\000h\000y\000b\000r\000i\000d\000\040\000n\000e\000u\000r\000a\000l\000\040\000a\000p\000p\000r\000o\000a\000c\000h\000e\000s}{chapter.2}% 25
\BOOKMARK [2][-]{subsection.2.4.1}{\376\377\000G\000e\000o\000m\000e\000t\000r\000y\000-\000a\000s\000s\000i\000s\000t\000e\000d\000\040\000a\000n\000d\000\040\000d\000i\000f\000f\000r\000a\000c\000t\000i\000o\000n\000-\000a\000w\000a\000r\000e\000\040\000d\000e\000e\000p\000\040\000l\000e\000a\000r\000n\000i\000n\000g}{section.2.4}% 26
\BOOKMARK [2][-]{subsection.2.4.2}{\376\377\000P\000h\000y\000s\000i\000c\000s\000-\000i\000n\000f\000o\000r\000m\000e\000d\000\040\000n\000e\000u\000r\000a\000l\000\040\000n\000e\000t\000w\000o\000r\000k\000s}{section.2.4}% 27
\BOOKMARK [2][-]{subsection.2.4.3}{\376\377\000P\000r\000i\000o\000r\000-\000r\000e\000s\000i\000d\000u\000a\000l\000\040\000d\000e\000c\000o\000m\000p\000o\000s\000i\000t\000i\000o\000n}{section.2.4}% 28
\BOOKMARK [1][-]{section.2.5}{\376\377\000C\000h\000a\000n\000n\000e\000l\000\040\000s\000t\000a\000t\000i\000s\000t\000i\000c\000s\000\040\000p\000r\000e\000d\000i\000c\000t\000i\000o\000n\000:\000\040\000d\000e\000l\000a\000y\000\040\000s\000p\000r\000e\000a\000d\000\040\000a\000n\000d\000\040\000a\000n\000g\000u\000l\000a\000r\000\040\000s\000p\000r\000e\000a\000d}{chapter.2}% 29
\BOOKMARK [2][-]{subsection.2.5.1}{\376\377\000E\000m\000p\000i\000r\000i\000c\000a\000l\000\040\000m\000o\000d\000e\000l\000s\000\040\000f\000o\000r\000\040\000s\000p\000r\000e\000a\000d\000\040\000p\000a\000r\000a\000m\000e\000t\000e\000r\000s}{section.2.5}% 30
\BOOKMARK [2][-]{subsection.2.5.2}{\376\377\000D\000e\000e\000p\000\040\000l\000e\000a\000r\000n\000i\000n\000g\000\040\000f\000o\000r\000\040\000w\000i\000d\000e\000b\000a\000n\000d\000\040\000c\000h\000a\000n\000n\000e\000l\000\040\000s\000t\000a\000t\000i\000s\000t\000i\000c\000s}{section.2.5}% 31
\BOOKMARK [2][-]{subsection.2.5.3}{\376\377\000D\000i\000s\000t\000r\000i\000b\000u\000t\000i\000o\000n\000a\000l\000\040\000m\000i\000s\000m\000a\000t\000c\000h\000\040\000a\000n\000d\000\040\000t\000h\000e\000\040\000s\000p\000i\000k\000e\000-\000p\000l\000u\000s\000-\000e\000x\000p\000o\000n\000e\000n\000t\000i\000a\000l\000\040\000p\000r\000o\000b\000l\000e\000m}{section.2.5}% 32
\BOOKMARK [1][-]{section.2.6}{\376\377\000D\000i\000s\000t\000r\000i\000b\000u\000t\000i\000o\000n\000-\000a\000w\000a\000r\000e\000\040\000a\000n\000d\000\040\000m\000u\000l\000t\000i\000-\000t\000a\000r\000g\000e\000t\000\040\000m\000o\000d\000e\000l\000l\000i\000n\000g}{chapter.2}% 33
\BOOKMARK [2][-]{subsection.2.6.1}{\376\377\000H\000e\000t\000e\000r\000o\000s\000c\000e\000d\000a\000s\000t\000i\000c\000\040\000u\000n\000c\000e\000r\000t\000a\000i\000n\000t\000y}{section.2.6}% 34
\BOOKMARK [2][-]{subsection.2.6.2}{\376\377\000G\000a\000u\000s\000s\000i\000a\000n\000\040\000m\000i\000x\000t\000u\000r\000e\000\040\000m\000o\000d\000e\000l\000\040\000h\000e\000a\000d\000s}{section.2.6}% 35
\BOOKMARK [2][-]{subsection.2.6.3}{\376\377\000S\000t\000o\000c\000h\000a\000s\000t\000i\000c\000\040\000d\000i\000f\000f\000u\000s\000i\000o\000n\000\040\000m\000o\000d\000e\000l\000s}{section.2.6}% 36
\BOOKMARK [2][-]{subsection.2.6.4}{\376\377\000M\000u\000l\000t\000i\000t\000a\000s\000k\000\040\000a\000n\000d\000\040\000j\000o\000i\000n\000t\000\040\000p\000r\000e\000d\000i\000c\000t\000i\000o\000n}{section.2.6}% 37
\BOOKMARK [1][-]{section.2.7}{\376\377\000T\000r\000a\000i\000n\000i\000n\000g\000\040\000s\000t\000a\000b\000i\000l\000i\000s\000a\000t\000i\000o\000n\000\040\000a\000n\000d\000\040\000r\000e\000g\000u\000l\000a\000r\000i\000s\000a\000t\000i\000o\000n\000\040\000t\000e\000c\000h\000n\000i\000q\000u\000e\000s}{chapter.2}% 38
\BOOKMARK [2][-]{subsection.2.7.1}{\376\377\000S\000t\000o\000c\000h\000a\000s\000t\000i\000c\000\040\000w\000e\000i\000g\000h\000t\000\040\000a\000v\000e\000r\000a\000g\000i\000n\000g}{section.2.7}% 39
\BOOKMARK [2][-]{subsection.2.7.2}{\376\377\000E\000x\000p\000o\000n\000e\000n\000t\000i\000a\000l\000\040\000m\000o\000v\000i\000n\000g\000\040\000a\000v\000e\000r\000a\000g\000e\000\040\000w\000e\000i\000g\000h\000t\000s}{section.2.7}% 40
\BOOKMARK [2][-]{subsection.2.7.3}{\376\377\000F\000e\000a\000t\000u\000r\000e\000-\000w\000i\000s\000e\000\040\000l\000i\000n\000e\000a\000r\000\040\000m\000o\000d\000u\000l\000a\000t\000i\000o\000n}{section.2.7}% 41
\BOOKMARK [1][-]{section.2.8}{\376\377\000K\000e\000y\000\040\000b\000e\000n\000c\000h\000m\000a\000r\000k\000s\000\040\000a\000n\000d\000\040\000f\000a\000i\000r\000-\000c\000o\000m\000p\000a\000r\000i\000s\000o\000n\000\040\000p\000r\000o\000t\000o\000c\000o\000l}{chapter.2}% 42
\BOOKMARK [2][-]{subsection.2.8.1}{\376\377\000W\000h\000y\000\040\000h\000e\000a\000d\000l\000i\000n\000e\000\040\000n\000u\000m\000b\000e\000r\000s\000\040\000c\000a\000n\000n\000o\000t\000\040\000b\000e\000\040\000c\000o\000m\000p\000a\000r\000e\000d\000\040\000d\000i\000r\000e\000c\000t\000l\000y}{section.2.8}% 43
\BOOKMARK [2][-]{subsection.2.8.2}{\376\377\000T\000a\000r\000h\000o\000u\000n\000i\000\040\000e\000t\000\040\000a\000l\000.\000\040\040\024\000\040\000m\000e\000a\000s\000u\000r\000e\000d\000\040\000s\000u\000b\000u\000r\000b\000a\000n\000\040\000p\000a\000t\000h\000-\000l\000o\000s\000s\000\040\000p\000r\000e\000d\000i\000c\000t\000i\000o\000n}{section.2.8}% 44
\BOOKMARK [2][-]{subsection.2.8.3}{\376\377\000A\000I\000R\000M\000a\000p\000\040\040\024\000\040\000a\000d\000a\000p\000t\000i\000v\000e\000\040\000d\000i\000g\000i\000t\000a\000l\000-\000t\000w\000i\000n\000\040\000r\000a\000d\000i\000o\000\040\000m\000a\000p\000s}{section.2.8}% 45
\BOOKMARK [2][-]{subsection.2.8.4}{\376\377\000G\000a\000o\000\040\000e\000t\000\040\000a\000l\000.\000\040\040\024\000\040\000m\000u\000l\000t\000i\000-\000l\000a\000y\000e\000r\000\040\000s\000e\000g\000m\000e\000n\000t\000a\000t\000i\000o\000n\000\040\000w\000i\000t\000h\000\040\000c\000o\000r\000r\000i\000d\000o\000r\000\040\000w\000e\000i\000g\000h\000t\000i\000n\000g}{section.2.8}% 46
\BOOKMARK [2][-]{subsection.2.8.5}{\376\377\000P\000a\000t\000h\000F\000i\000n\000d\000e\000r\000\040\040\024\000\040\000m\000u\000l\000t\000i\000-\000t\000r\000a\000n\000s\000m\000i\000t\000t\000e\000r\000\040\000d\000o\000m\000a\000i\000n\000\040\000a\000d\000a\000p\000t\000a\000t\000i\000o\000n}{section.2.8}% 47
\BOOKMARK [2][-]{subsection.2.8.6}{\376\377\000I\000C\000A\000S\000S\000P\000\040\0002\0000\0002\0005\000\040\000i\000n\000d\000o\000o\000r\000\040\000c\000h\000a\000l\000l\000e\000n\000g\000e}{section.2.8}% 48
\BOOKMARK [1][-]{section.2.9}{\376\377\000E\000m\000e\000r\000g\000i\000n\000g\000\040\000t\000e\000c\000h\000n\000i\000q\000u\000e\000s\000\040\000f\000o\000r\000\040\000c\000l\000o\000s\000i\000n\000g\000\040\000t\000h\000e\000\040\000N\000L\000o\000S\000\040\000g\000a\000p}{chapter.2}% 49
\BOOKMARK [1][-]{section.2.10}{\376\377\000P\000o\000s\000i\000t\000i\000o\000n\000\040\000o\000f\000\040\000T\000r\000y\000\040\0008\0000\000\040\000i\000n\000\040\000t\000h\000e\000\040\000l\000i\000t\000e\000r\000a\000t\000u\000r\000e}{chapter.2}% 50
\BOOKMARK [2][-]{subsection.2.10.1}{\376\377\000W\000h\000a\000t\000\040\000i\000s\000\040\000n\000o\000v\000e\000l\000\040\000a\000b\000o\000u\000t\000\040\000T\000r\000y\000\040\0008\0000}{section.2.10}% 51
\BOOKMARK [2][-]{subsection.2.10.2}{\376\377\000W\000h\000a\000t\000\040\000T\000r\000y\000\040\0008\0000\000\040\000d\000o\000e\000s\000\040\000n\000o\000t\000\040\000c\000l\000a\000i\000m}{section.2.10}% 52
\BOOKMARK [2][-]{subsection.2.10.3}{\376\377\000S\000u\000m\000m\000a\000r\000y\000\040\000o\000f\000\040\000p\000o\000s\000i\000t\000i\000o\000n}{section.2.10}% 53
\BOOKMARK [0][-]{chapter.3}{\376\377\000M\000e\000t\000h\000o\000d\000o\000l\000o\000g\000y\000\040\000/\000\040\000p\000r\000o\000j\000e\000c\000t\000\040\000d\000e\000v\000e\000l\000o\000p\000m\000e\000n\000t}{}% 54
\BOOKMARK [1][-]{section.3.1}{\376\377\000D\000a\000t\000a\000s\000e\000t\000\040\000p\000r\000o\000t\000o\000c\000o\000l}{chapter.3}% 55
\BOOKMARK [1][-]{section.3.2}{\376\377\000F\000r\000o\000m\000\040\000U\000-\000N\000e\000t\000\040\000a\000n\000d\000\040\000c\000G\000A\000N\000\040\000t\000o\000\040\000m\000a\000s\000k\000e\000d\000\040\000b\000a\000s\000e\000l\000i\000n\000e\000s}{chapter.3}% 56
\BOOKMARK [1][-]{section.3.3}{\376\377\000C\000h\000r\000o\000n\000o\000l\000o\000g\000i\000c\000a\000l\000\040\000a\000t\000t\000e\000m\000p\000t\000\040\000a\000n\000a\000l\000y\000s\000i\000s}{chapter.3}% 57
\BOOKMARK [1][-]{section.3.4}{\376\377\000P\000h\000y\000s\000i\000c\000a\000l\000\040\000p\000r\000i\000o\000r\000s\000\040\000a\000n\000d\000\040\000P\000M\000H\000H\000N\000e\000t}{chapter.3}% 58
\BOOKMARK [2][-]{subsection.3.4.1}{\376\377\000M\000a\000t\000h\000e\000m\000a\000t\000i\000c\000a\000l\000\040\000E\000v\000o\000l\000u\000t\000i\000o\000n\000:\000\040\000F\000r\000o\000m\000\040\000P\000M\000N\000e\000t\000\040\000t\000o\000\040\000P\000M\000H\000H\000N\000e\000t}{section.3.4}% 59
\BOOKMARK [2][-]{subsection.3.4.2}{\376\377\000L\000i\000m\000i\000t\000a\000t\000i\000o\000n\000s\000\040\000a\000n\000d\000\040\000L\000e\000g\000a\000c\000y}{section.3.4}% 60
\BOOKMARK [1][-]{section.3.5}{\376\377\000D\000i\000s\000t\000r\000i\000b\000u\000t\000i\000o\000n\000-\000f\000i\000r\000s\000t\000\040\000m\000o\000d\000e\000l\000l\000i\000n\000g}{chapter.3}% 61
\BOOKMARK [2][-]{subsection.3.5.1}{\376\377\000H\000o\000w\000\040\000t\000o\000\040\000c\000o\000n\000s\000t\000r\000u\000c\000t\000\040\000a\000\040\000g\000o\000o\000d\000\040\000d\000e\000e\000p\000-\000l\000e\000a\000r\000n\000i\000n\000g\000\040\000m\000o\000d\000e\000l\000\040\000f\000o\000r\000\040\000r\000a\000d\000i\000o\000\040\000m\000a\000p\000s}{section.3.5}% 62
\BOOKMARK [1][-]{section.3.6}{\376\377\000T\000r\000y\000\040\0007\0008\000\040\000a\000n\000d\000\040\000T\000r\000y\000\040\0007\0009\000\040\000p\000r\000i\000o\000r\000s\000:\000\040\000o\000v\000e\000r\000v\000i\000e\000w\000\040\000a\000n\000d\000\040\000l\000i\000t\000e\000r\000a\000t\000u\000r\000e\000\040\000b\000a\000s\000i\000s}{chapter.3}% 63
\BOOKMARK [2][-]{subsection.3.6.1}{\376\377\000H\000i\000g\000h\000-\000l\000e\000v\000e\000l\000\040\000a\000r\000c\000h\000i\000t\000e\000c\000t\000u\000r\000e}{section.3.6}% 64
\BOOKMARK [2][-]{subsection.3.6.2}{\376\377\000H\000o\000w\000\040\000t\000o\000\040\000c\000o\000n\000s\000t\000r\000u\000c\000t\000\040\000a\000\040\000g\000o\000o\000d\000\040\000p\000r\000i\000o\000r}{section.3.6}% 65
\BOOKMARK [2][-]{subsection.3.6.3}{\376\377\000W\000h\000a\000t\000\040\000w\000a\000s\000\040\000r\000e\000u\000s\000e\000d\000\040\000f\000r\000o\000m\000\040\000t\000h\000e\000\040\000l\000i\000t\000e\000r\000a\000t\000u\000r\000e\000,\000\040\000w\000h\000a\000t\000\040\000w\000a\000s\000\040\000c\000h\000a\000n\000g\000e\000d\000,\000\040\000a\000n\000d\000\040\000w\000h\000a\000t\000\040\000i\000s\000\040\000n\000e\000w}{section.3.6}% 66
\BOOKMARK [1][-]{section.3.7}{\376\377\000T\000r\000y\000\040\0007\0008\000:\000\040\000P\000a\000t\000h\000\040\000L\000o\000s\000s\000\040\000P\000r\000i\000o\000r}{chapter.3}% 67
\BOOKMARK [2][-]{subsection.3.7.1}{\376\377\000L\000o\000S\000\040\000b\000r\000a\000n\000c\000h\000:\000\040\000c\000o\000h\000e\000r\000e\000n\000t\000\040\000t\000w\000o\000-\000r\000a\000y\000\040\000m\000o\000d\000e\000l}{section.3.7}% 68
\BOOKMARK [2][-]{subsection.3.7.2}{\376\377\000C\000a\000l\000i\000b\000r\000a\000t\000i\000o\000n\000\040\000o\000f\000\040\000t\000h\000e\000\040\000L\000o\000S\000\040\000t\000w\000o\000-\000r\000a\000y\000\040\000m\000o\000d\000e\000l}{section.3.7}% 69
\BOOKMARK [2][-]{subsection.3.7.3}{\376\377\000N\000L\000o\000S\000\040\000b\000r\000a\000n\000c\000h}{section.3.7}% 70
\BOOKMARK [2][-]{subsection.3.7.4}{\376\377\000E\000v\000a\000l\000u\000a\000t\000i\000o\000n\000\040\000m\000e\000t\000r\000i\000c\000:\000\040\000p\000i\000x\000e\000l\000-\000w\000e\000i\000g\000h\000t\000e\000d\000\040\000R\000M\000S\000E}{section.3.7}% 71
\BOOKMARK [2][-]{subsection.3.7.5}{\376\377\000O\000b\000s\000e\000r\000v\000e\000d\000\040\000T\000r\000y\000\040\0007\0008\000\040\000r\000e\000s\000u\000l\000t\000s}{section.3.7}% 72
\BOOKMARK [1][-]{section.3.8}{\376\377\000T\000r\000y\000\040\0007\0009\000:\000\040\000D\000e\000l\000a\000y\000\040\000a\000n\000d\000\040\000A\000n\000g\000u\000l\000a\000r\000\040\000S\000p\000r\000e\000a\000d\000\040\000P\000r\000i\000o\000r\000s}{chapter.3}% 73
\BOOKMARK [2][-]{subsection.3.8.1}{\376\377\000P\000h\000y\000s\000i\000c\000a\000l\000\040\000m\000o\000t\000i\000v\000a\000t\000i\000o\000n\000\040\000f\000o\000r\000\040\000l\000o\000g\000-\000d\000o\000m\000a\000i\000n\000\040\000m\000o\000d\000e\000l\000i\000n\000g}{section.3.8}% 74
\BOOKMARK [2][-]{subsection.3.8.2}{\376\377\000P\000i\000x\000e\000l\000-\000w\000i\000s\000e\000\040\000n\000o\000t\000a\000t\000i\000o\000n\000\040\000f\000o\000r\000\040\000t\000h\000e\000\040\000T\000r\000y\000\040\0007\0009\000\040\000f\000i\000t}{section.3.8}% 75
\BOOKMARK [2][-]{subsection.3.8.3}{\376\377\000R\000a\000w\000\040\000s\000p\000r\000e\000a\000d\000\040\000p\000r\000i\000o\000r\000\040\000i\000n\000\040\000l\000o\000g\000\040\000d\000o\000m\000a\000i\000n}{section.3.8}% 76
\BOOKMARK [2][-]{subsection.3.8.4}{\376\377\000C\000a\000l\000i\000b\000r\000a\000t\000e\000d\000\040\000s\000p\000r\000e\000a\000d\000\040\000p\000r\000i\000o\000r}{section.3.8}% 77
\BOOKMARK [2][-]{subsection.3.8.5}{\376\377\000T\000r\000y\000\040\0007\0009\000\040\000r\000e\000s\000u\000l\000t\000s}{section.3.8}% 78
\BOOKMARK [1][-]{section.3.9}{\376\377\000T\000r\000y\000\040\0008\0000\000:\000\040\000J\000o\000i\000n\000t\000\040\000P\000r\000i\000o\000r\000-\000A\000n\000c\000h\000o\000r\000e\000d\000\040\000R\000e\000s\000i\000d\000u\000a\000l\000\040\000M\000o\000d\000e\000l}{chapter.3}% 79
\BOOKMARK [2][-]{subsection.3.9.1}{\376\377\000E\000x\000p\000e\000r\000i\000m\000e\000n\000t\000a\000l\000\040\000p\000r\000o\000t\000o\000c\000o\000l\000\040\000a\000n\000d\000\040\000r\000e\000p\000o\000r\000t\000i\000n\000g\000\040\000s\000t\000a\000t\000u\000s}{section.3.9}% 80
\BOOKMARK [2][-]{subsection.3.9.2}{\376\377\000P\000r\000i\000o\000r\000-\000A\000n\000c\000h\000o\000r\000e\000d\000\040\000G\000M\000M\000\040\000R\000e\000s\000i\000d\000u\000a\000l\000\040\000M\000o\000d\000e\000l}{section.3.9}% 81
\BOOKMARK [2][-]{subsection.3.9.3}{\376\377\000A\000r\000c\000h\000i\000t\000e\000c\000t\000u\000r\000e\000:\000\040\000S\000h\000a\000r\000e\000d\000\040\000U\000N\000e\000t\000\040\000w\000i\000t\000h\000\040\000F\000i\000L\000M}{section.3.9}% 82
\BOOKMARK [2][-]{subsection.3.9.4}{\376\377\000C\000o\000m\000p\000o\000s\000i\000t\000e\000\040\000O\000p\000t\000i\000m\000i\000z\000a\000t\000i\000o\000n\000\040\000O\000b\000j\000e\000c\000t\000i\000v\000e}{section.3.9}% 83
\BOOKMARK [0][-]{chapter.4}{\376\377\000R\000e\000s\000u\000l\000t\000s}{}% 84
\BOOKMARK [1][-]{section.4.1}{\376\377\000E\000x\000p\000e\000r\000i\000m\000e\000n\000t\000s\000\040\000a\000n\000d\000\040\000T\000e\000s\000t\000s}{chapter.4}% 85
\BOOKMARK [1][-]{section.4.2}{\376\377\000R\000M\000S\000E\000\040\000e\000v\000o\000l\000u\000t\000i\000o\000n\000\040\000a\000n\000d\000\040\000i\000n\000t\000e\000r\000p\000r\000e\000t\000a\000t\000i\000o\000n}{chapter.4}% 86
\BOOKMARK [1][-]{section.4.3}{\376\377\000D\000a\000t\000a\000\040\000V\000i\000s\000u\000a\000l\000i\000z\000a\000t\000i\000o\000n}{chapter.4}% 87
\BOOKMARK [1][-]{section.4.4}{\376\377\000L\000i\000m\000i\000t\000a\000t\000i\000o\000n\000s}{chapter.4}% 88
\BOOKMARK [0][-]{chapter.5}{\376\377\000S\000u\000s\000t\000a\000i\000n\000a\000b\000i\000l\000i\000t\000y\000\040\000A\000n\000a\000l\000y\000s\000i\000s\000\040\000a\000n\000d\000\040\000E\000t\000h\000i\000c\000a\000l\000\040\000I\000m\000p\000l\000i\000c\000a\000t\000i\000o\000n\000s}{}% 89
\BOOKMARK [1][-]{section.5.1}{\376\377\000S\000u\000s\000t\000a\000i\000n\000a\000b\000i\000l\000i\000t\000y\000\040\000m\000a\000t\000r\000i\000x}{chapter.5}% 90
\BOOKMARK [2][-]{subsection.5.1.1}{\376\377\000E\000n\000v\000i\000r\000o\000n\000m\000e\000n\000t\000a\000l\000\040\000i\000m\000p\000a\000c\000t}{section.5.1}% 91
\BOOKMARK [2][-]{subsection.5.1.2}{\376\377\000E\000c\000o\000n\000o\000m\000i\000c\000\040\000i\000m\000p\000a\000c\000t}{section.5.1}% 92
\BOOKMARK [2][-]{subsection.5.1.3}{\376\377\000S\000o\000c\000i\000a\000l\000\040\000i\000m\000p\000a\000c\000t}{section.5.1}% 93
\BOOKMARK [1][-]{section.5.2}{\376\377\000E\000t\000h\000i\000c\000a\000l\000\040\000i\000m\000p\000l\000i\000c\000a\000t\000i\000o\000n\000s}{chapter.5}% 94
\BOOKMARK [1][-]{section.5.3}{\376\377\000R\000e\000l\000a\000t\000i\000o\000n\000s\000h\000i\000p\000\040\000w\000i\000t\000h\000\040\000t\000h\000e\000\040\000S\000u\000s\000t\000a\000i\000n\000a\000b\000l\000e\000\040\000D\000e\000v\000e\000l\000o\000p\000m\000e\000n\000t\000\040\000G\000o\000a\000l\000s}{chapter.5}% 95
\BOOKMARK [0][-]{chapter.6}{\376\377\000C\000o\000n\000c\000l\000u\000s\000i\000o\000n\000s\000\040\000a\000n\000d\000\040\000F\000u\000t\000u\000r\000e\000\040\000W\000o\000r\000k}{}% 96
\BOOKMARK [1][-]{section.6.1}{\376\377\000C\000o\000n\000c\000l\000u\000s\000i\000o\000n\000s}{chapter.6}% 97
\BOOKMARK [1][-]{section.6.2}{\376\377\000F\000u\000t\000u\000r\000e\000\040\000D\000i\000r\000e\000c\000t\000i\000o\000n\000s}{chapter.6}% 98
\BOOKMARK [0][-]{chapter*.126}{\376\377\000B\000i\000b\000l\000i\000o\000g\000r\000a\000p\000h\000y}{}% 99
\BOOKMARK [0][-]{appendix.A}{\376\377\000R\000e\000p\000r\000o\000d\000u\000c\000i\000b\000i\000l\000i\000t\000y\000\040\000A\000p\000p\000e\000n\000d\000i\000x}{}% 100
\BOOKMARK [1][-]{section.A.1}{\376\377\000D\000e\000t\000a\000i\000l\000e\000d\000\040\000a\000t\000t\000e\000m\000p\000t\000\040\000l\000o\000g}{appendix.A}% 101
\BOOKMARK [2][-]{subsection.A.1.1}{\376\377\000E\000a\000r\000l\000y\000\040\000i\000m\000a\000g\000e\000-\000t\000o\000-\000i\000m\000a\000g\000e\000\040\000p\000h\000a\000s\000e}{section.A.1}% 102
\BOOKMARK [2][-]{subsection.A.1.2}{\376\377\000A\000r\000t\000i\000f\000a\000c\000t\000\040\000r\000e\000m\000o\000v\000a\000l\000\040\000a\000n\000d\000\040\000m\000a\000s\000k\000e\000d\000\040\000s\000u\000p\000e\000r\000v\000i\000s\000i\000o\000n}{section.A.1}% 103
\BOOKMARK [2][-]{subsection.A.1.3}{\376\377\000P\000r\000i\000o\000r\000-\000g\000u\000i\000d\000e\000d\000\040\000r\000e\000s\000i\000d\000u\000a\000l\000\040\000p\000h\000a\000s\000e}{section.A.1}% 104
\BOOKMARK [2][-]{subsection.A.1.4}{\376\377\000F\000i\000n\000a\000l\000\040\000d\000i\000s\000t\000r\000i\000b\000u\000t\000i\000o\000n\000\040\000a\000n\000d\000\040\000p\000r\000i\000o\000r\000\040\000p\000h\000a\000s\000e}{section.A.1}% 105
\BOOKMARK [1][-]{section.A.2}{\376\377\000T\000r\000y\000\040\0008\0000\000\040\000c\000o\000n\000f\000i\000g\000u\000r\000a\000t\000i\000o\000n\000\040\000s\000u\000m\000m\000a\000r\000y}{appendix.A}% 106
\BOOKMARK [1][-]{section.A.3}{\376\377\000W\000h\000e\000r\000e\000\040\000t\000h\000e\000\040\000f\000o\000r\000m\000u\000l\000a\000s\000\040\000a\000r\000e\000\040\000p\000l\000a\000c\000e\000d}{appendix.A}% 107
\BOOKMARK [1][-]{section.A.4}{\376\377\000R\000e\000p\000r\000e\000s\000e\000n\000t\000a\000t\000i\000v\000e\000\040\000T\000r\000y\000\040\0008\0000\000\040\000i\000n\000s\000p\000e\000c\000t\000i\000o\000n\000\040\000p\000a\000n\000e\000l\000s}{appendix.A}% 108
\BOOKMARK [1][-]{section.A.5}{\376\377\000I\000m\000p\000o\000r\000t\000a\000n\000t\000\040\000i\000m\000p\000l\000e\000m\000e\000n\000t\000a\000t\000i\000o\000n\000\040\000s\000n\000i\000p\000p\000e\000t\000s}{appendix.A}% 109
\BOOKMARK [2][-]{subsection.A.5.1}{\376\377\000F\000r\000o\000z\000e\000n\000\040\000p\000r\000i\000o\000r\000\040\000a\000s\000s\000e\000m\000b\000l\000y}{section.A.5}% 110
\BOOKMARK [2][-]{subsection.A.5.2}{\376\377\000T\000r\000y\000\040\0008\0000\000\040\000i\000n\000p\000u\000t\000\040\000t\000e\000n\000s\000o\000r}{section.A.5}% 111
\BOOKMARK [2][-]{subsection.A.5.3}{\376\377\000B\000o\000u\000n\000d\000e\000d\000\040\000r\000e\000s\000i\000d\000u\000a\000l\000\040\000d\000e\000c\000o\000d\000e\000r}{section.A.5}% 112
\BOOKMARK [1][-]{section.A.6}{\376\377\000F\000i\000n\000a\000l\000-\000r\000e\000s\000u\000l\000t\000\040\000p\000l\000a\000c\000e\000h\000o\000l\000d\000e\000r}{appendix.A}% 113
