\BOOKMARK [1][-]{section*.1}{\376\377\000S\000u\000m\000m\000a\000r\000y}{}% 1
\BOOKMARK [1][-]{section*.3}{\376\377\000A\000c\000k\000n\000o\000w\000l\000e\000d\000g\000e\000m\000e\000n\000t\000s}{}% 2
\BOOKMARK [1][-]{section*.5}{\376\377\000R\000e\000v\000i\000s\000i\000o\000n\000\040\000h\000i\000s\000t\000o\000r\000y\000\040\000a\000n\000d\000\040\000a\000p\000p\000r\000o\000v\000a\000l\000\040\000r\000e\000c\000o\000r\000d}{}% 3
\BOOKMARK [1][-]{section*.6}{\376\377\000C\000o\000n\000t\000e\000n\000t\000s}{}% 4
\BOOKMARK [1][-]{section*.8}{\376\377\000L\000i\000s\000t\000\040\000o\000f\000\040\000f\000i\000g\000u\000r\000e\000s}{}% 5
\BOOKMARK [1][-]{section*.10}{\376\377\000L\000i\000s\000t\000\040\000o\000f\000\040\000t\000a\000b\000l\000e\000s}{}% 6
\BOOKMARK [1][-]{section*.12}{\376\377\000A\000b\000b\000r\000e\000v\000i\000a\000t\000i\000o\000n\000s}{}% 7
\BOOKMARK [0][-]{chapter.1}{\376\377\000I\000n\000t\000r\000o\000d\000u\000c\000t\000i\000o\000n}{}% 8
\BOOKMARK [1][-]{section.1.1}{\376\377\000W\000o\000r\000k\000\040\000g\000o\000a\000l\000s}{chapter.1}% 9
\BOOKMARK [1][-]{section.1.2}{\376\377\000R\000e\000s\000e\000a\000r\000c\000h\000\040\000q\000u\000e\000s\000t\000i\000o\000n\000s\000\040\000a\000n\000d\000\040\000c\000o\000n\000t\000r\000i\000b\000u\000t\000i\000o\000n\000s}{chapter.1}% 10
\BOOKMARK [1][-]{section.1.3}{\376\377\000T\000h\000e\000s\000i\000s\000\040\000o\000u\000t\000l\000i\000n\000e}{chapter.1}% 11
\BOOKMARK [1][-]{section.1.4}{\376\377\000R\000e\000q\000u\000i\000r\000e\000m\000e\000n\000t\000s\000\040\000a\000n\000d\000\040\000s\000p\000e\000c\000i\000f\000i\000c\000a\000t\000i\000o\000n\000s}{chapter.1}% 12
\BOOKMARK [1][-]{section.1.5}{\376\377\000M\000e\000t\000h\000o\000d\000s\000\040\000a\000n\000d\000\040\000p\000r\000o\000c\000e\000d\000u\000r\000e\000s}{chapter.1}% 13
\BOOKMARK [1][-]{section.1.6}{\376\377\000W\000o\000r\000k\000\040\000p\000l\000a\000n}{chapter.1}% 14
\BOOKMARK [0][-]{chapter.2}{\376\377\000S\000t\000a\000t\000e\000\040\000o\000f\000\040\000t\000h\000e\000\040\000a\000r\000t}{}% 15
\BOOKMARK [1][-]{section.2.1}{\376\377\000C\000h\000a\000n\000n\000e\000l\000\040\000k\000n\000o\000w\000l\000e\000d\000g\000e\000\040\000m\000a\000p\000s\000\040\000a\000s\000\040\000t\000h\000e\000\040\000t\000h\000e\000s\000i\000s\000\040\000c\000o\000n\000t\000e\000x\000t}{chapter.2}% 16
\BOOKMARK [1][-]{section.2.2}{\376\377\000C\000l\000a\000s\000s\000i\000c\000a\000l\000\040\000p\000r\000o\000p\000a\000g\000a\000t\000i\000o\000n\000\040\000m\000o\000d\000e\000l\000s\000\040\000a\000n\000d\000\040\000c\000h\000a\000n\000n\000e\000l\000\040\000s\000t\000a\000t\000i\000s\000t\000i\000c\000s}{chapter.2}% 17
\BOOKMARK [2][-]{subsection.2.2.1}{\376\377\000F\000r\000e\000e\000-\000s\000p\000a\000c\000e\000\040\000a\000n\000d\000\040\000t\000w\000o\000-\000r\000a\000y\000\040\000p\000r\000o\000p\000a\000g\000a\000t\000i\000o\000n}{section.2.2}% 18
\BOOKMARK [2][-]{subsection.2.2.2}{\376\377\000E\000m\000p\000i\000r\000i\000c\000a\000l\000\040\000a\000n\000d\000\040\000s\000e\000m\000i\000-\000e\000m\000p\000i\000r\000i\000c\000a\000l\000\040\000m\000o\000d\000e\000l\000s}{section.2.2}% 19
\BOOKMARK [2][-]{subsection.2.2.3}{\376\377\000U\000A\000V\000\040\000a\000n\000d\000\040\000a\000i\000r\000-\000t\000o\000-\000g\000r\000o\000u\000n\000d\000\040\000c\000h\000a\000n\000n\000e\000l\000\040\000m\000o\000d\000e\000l\000s}{section.2.2}% 20
\BOOKMARK [2][-]{subsection.2.2.4}{\376\377\000D\000e\000l\000a\000y\000\040\000s\000p\000r\000e\000a\000d\000\040\000a\000n\000d\000\040\000a\000n\000g\000u\000l\000a\000r\000\040\000s\000p\000r\000e\000a\000d\000\040\000i\000n\000\040\000s\000t\000a\000n\000d\000a\000r\000d\000\040\000c\000h\000a\000n\000n\000e\000l\000\040\000m\000o\000d\000e\000l\000s}{section.2.2}% 21
\BOOKMARK [1][-]{section.2.3}{\376\377\000D\000e\000e\000p\000\040\000l\000e\000a\000r\000n\000i\000n\000g\000\040\000f\000o\000r\000\040\000r\000a\000d\000i\000o\000-\000m\000a\000p\000\040\000e\000s\000t\000i\000m\000a\000t\000i\000o\000n}{chapter.2}% 22
\BOOKMARK [2][-]{subsection.2.3.1}{\376\377\000I\000m\000a\000g\000e\000-\000t\000o\000-\000i\000m\000a\000g\000e\000\040\000t\000r\000a\000n\000s\000l\000a\000t\000i\000o\000n\000\040\000b\000a\000s\000e\000l\000i\000n\000e\000s}{section.2.3}% 23
\BOOKMARK [2][-]{subsection.2.3.2}{\376\377\000P\000M\000N\000e\000t\000\040\000a\000n\000d\000\040\000t\000h\000e\000\040\000I\000C\000A\000S\000S\000P\000\040\000o\000u\000t\000d\000o\000o\000r\000\040\000c\000h\000a\000l\000l\000e\000n\000g\000e\000\040\000f\000a\000m\000i\000l\000y}{section.2.3}% 24
\BOOKMARK [2][-]{subsection.2.3.3}{\376\377\000T\000r\000a\000n\000s\000f\000o\000r\000m\000e\000r\000s\000,\000\040\000s\000t\000a\000t\000e\000-\000s\000p\000a\000c\000e\000\040\000m\000o\000d\000e\000l\000s\000,\000\040\000a\000n\000d\000\040\000a\000t\000t\000e\000n\000t\000i\000o\000n\000-\000b\000a\000s\000e\000d\000\040\000e\000n\000c\000o\000d\000e\000r\000s}{section.2.3}% 25
\BOOKMARK [2][-]{subsection.2.3.4}{\376\377\000F\000o\000u\000n\000d\000a\000t\000i\000o\000n\000\040\000m\000o\000d\000e\000l\000s\000\040\000f\000o\000r\000\040\000r\000a\000d\000i\000o\000\040\000m\000a\000p\000s}{section.2.3}% 26
\BOOKMARK [1][-]{section.2.4}{\376\377\000P\000h\000y\000s\000i\000c\000s\000-\000i\000n\000f\000o\000r\000m\000e\000d\000\040\000a\000n\000d\000\040\000h\000y\000b\000r\000i\000d\000\040\000n\000e\000u\000r\000a\000l\000\040\000a\000p\000p\000r\000o\000a\000c\000h\000e\000s}{chapter.2}% 27
\BOOKMARK [2][-]{subsection.2.4.1}{\376\377\000G\000e\000o\000m\000e\000t\000r\000y\000-\000a\000s\000s\000i\000s\000t\000e\000d\000\040\000a\000n\000d\000\040\000d\000i\000f\000f\000r\000a\000c\000t\000i\000o\000n\000-\000a\000w\000a\000r\000e\000\040\000d\000e\000e\000p\000\040\000l\000e\000a\000r\000n\000i\000n\000g}{section.2.4}% 28
\BOOKMARK [2][-]{subsection.2.4.2}{\376\377\000P\000h\000y\000s\000i\000c\000s\000-\000i\000n\000f\000o\000r\000m\000e\000d\000\040\000n\000e\000u\000r\000a\000l\000\040\000n\000e\000t\000w\000o\000r\000k\000s}{section.2.4}% 29
\BOOKMARK [2][-]{subsection.2.4.3}{\376\377\000P\000r\000i\000o\000r\000-\000r\000e\000s\000i\000d\000u\000a\000l\000\040\000d\000e\000c\000o\000m\000p\000o\000s\000i\000t\000i\000o\000n}{section.2.4}% 30
\BOOKMARK [1][-]{section.2.5}{\376\377\000C\000h\000a\000n\000n\000e\000l\000\040\000s\000t\000a\000t\000i\000s\000t\000i\000c\000s\000\040\000p\000r\000e\000d\000i\000c\000t\000i\000o\000n\000:\000\040\000d\000e\000l\000a\000y\000\040\000s\000p\000r\000e\000a\000d\000\040\000a\000n\000d\000\040\000a\000n\000g\000u\000l\000a\000r\000\040\000s\000p\000r\000e\000a\000d}{chapter.2}% 31
\BOOKMARK [2][-]{subsection.2.5.1}{\376\377\000E\000m\000p\000i\000r\000i\000c\000a\000l\000\040\000m\000o\000d\000e\000l\000s\000\040\000f\000o\000r\000\040\000s\000p\000r\000e\000a\000d\000\040\000p\000a\000r\000a\000m\000e\000t\000e\000r\000s}{section.2.5}% 32
\BOOKMARK [2][-]{subsection.2.5.2}{\376\377\000D\000e\000e\000p\000\040\000l\000e\000a\000r\000n\000i\000n\000g\000\040\000f\000o\000r\000\040\000w\000i\000d\000e\000b\000a\000n\000d\000\040\000c\000h\000a\000n\000n\000e\000l\000\040\000s\000t\000a\000t\000i\000s\000t\000i\000c\000s}{section.2.5}% 33
\BOOKMARK [2][-]{subsection.2.5.3}{\376\377\000D\000i\000s\000t\000r\000i\000b\000u\000t\000i\000o\000n\000a\000l\000\040\000m\000i\000s\000m\000a\000t\000c\000h\000\040\000a\000n\000d\000\040\000t\000h\000e\000\040\000s\000p\000i\000k\000e\000-\000p\000l\000u\000s\000-\000e\000x\000p\000o\000n\000e\000n\000t\000i\000a\000l\000\040\000p\000r\000o\000b\000l\000e\000m}{section.2.5}% 34
\BOOKMARK [1][-]{section.2.6}{\376\377\000D\000i\000s\000t\000r\000i\000b\000u\000t\000i\000o\000n\000-\000a\000w\000a\000r\000e\000\040\000a\000n\000d\000\040\000m\000u\000l\000t\000i\000-\000t\000a\000r\000g\000e\000t\000\040\000m\000o\000d\000e\000l\000l\000i\000n\000g}{chapter.2}% 35
\BOOKMARK [2][-]{subsection.2.6.1}{\376\377\000H\000e\000t\000e\000r\000o\000s\000c\000e\000d\000a\000s\000t\000i\000c\000\040\000u\000n\000c\000e\000r\000t\000a\000i\000n\000t\000y}{section.2.6}% 36
\BOOKMARK [2][-]{subsection.2.6.2}{\376\377\000G\000a\000u\000s\000s\000i\000a\000n\000\040\000m\000i\000x\000t\000u\000r\000e\000\040\000m\000o\000d\000e\000l\000\040\000h\000e\000a\000d\000s}{section.2.6}% 37
\BOOKMARK [2][-]{subsection.2.6.3}{\376\377\000S\000t\000o\000c\000h\000a\000s\000t\000i\000c\000\040\000d\000i\000f\000f\000u\000s\000i\000o\000n\000\040\000m\000o\000d\000e\000l\000s}{section.2.6}% 38
\BOOKMARK [2][-]{subsection.2.6.4}{\376\377\000M\000u\000l\000t\000i\000t\000a\000s\000k\000\040\000a\000n\000d\000\040\000j\000o\000i\000n\000t\000\040\000p\000r\000e\000d\000i\000c\000t\000i\000o\000n}{section.2.6}% 39
\BOOKMARK [1][-]{section.2.7}{\376\377\000T\000r\000a\000i\000n\000i\000n\000g\000\040\000s\000t\000a\000b\000i\000l\000i\000s\000a\000t\000i\000o\000n\000\040\000a\000n\000d\000\040\000r\000e\000g\000u\000l\000a\000r\000i\000s\000a\000t\000i\000o\000n\000\040\000t\000e\000c\000h\000n\000i\000q\000u\000e\000s}{chapter.2}% 40
\BOOKMARK [2][-]{subsection.2.7.1}{\376\377\000S\000t\000o\000c\000h\000a\000s\000t\000i\000c\000\040\000w\000e\000i\000g\000h\000t\000\040\000a\000v\000e\000r\000a\000g\000i\000n\000g}{section.2.7}% 41
\BOOKMARK [2][-]{subsection.2.7.2}{\376\377\000E\000x\000p\000o\000n\000e\000n\000t\000i\000a\000l\000\040\000m\000o\000v\000i\000n\000g\000\040\000a\000v\000e\000r\000a\000g\000e\000\040\000w\000e\000i\000g\000h\000t\000s}{section.2.7}% 42
\BOOKMARK [2][-]{subsection.2.7.3}{\376\377\000F\000e\000a\000t\000u\000r\000e\000-\000w\000i\000s\000e\000\040\000l\000i\000n\000e\000a\000r\000\040\000m\000o\000d\000u\000l\000a\000t\000i\000o\000n}{section.2.7}% 43
\BOOKMARK [1][-]{section.2.8}{\376\377\000K\000e\000y\000\040\000b\000e\000n\000c\000h\000m\000a\000r\000k\000s\000\040\000a\000n\000d\000\040\000f\000a\000i\000r\000-\000c\000o\000m\000p\000a\000r\000i\000s\000o\000n\000\040\000p\000r\000o\000t\000o\000c\000o\000l}{chapter.2}% 44
\BOOKMARK [2][-]{subsection.2.8.1}{\376\377\000W\000h\000y\000\040\000h\000e\000a\000d\000l\000i\000n\000e\000\040\000n\000u\000m\000b\000e\000r\000s\000\040\000c\000a\000n\000n\000o\000t\000\040\000b\000e\000\040\000c\000o\000m\000p\000a\000r\000e\000d\000\040\000d\000i\000r\000e\000c\000t\000l\000y}{section.2.8}% 45
\BOOKMARK [2][-]{subsection.2.8.2}{\376\377\000T\000a\000r\000h\000o\000u\000n\000i\000\040\000e\000t\000\040\000a\000l\000.\000\040\040\024\000\040\000m\000e\000a\000s\000u\000r\000e\000d\000\040\000s\000u\000b\000u\000r\000b\000a\000n\000\040\000p\000a\000t\000h\000-\000l\000o\000s\000s\000\040\000p\000r\000e\000d\000i\000c\000t\000i\000o\000n}{section.2.8}% 46
\BOOKMARK [2][-]{subsection.2.8.3}{\376\377\000A\000I\000R\000M\000a\000p\000\040\040\024\000\040\000a\000d\000a\000p\000t\000i\000v\000e\000\040\000d\000i\000g\000i\000t\000a\000l\000-\000t\000w\000i\000n\000\040\000r\000a\000d\000i\000o\000\040\000m\000a\000p\000s}{section.2.8}% 47
\BOOKMARK [2][-]{subsection.2.8.4}{\376\377\000G\000a\000o\000\040\000e\000t\000\040\000a\000l\000.\000\040\040\024\000\040\000m\000u\000l\000t\000i\000-\000l\000a\000y\000e\000r\000\040\000s\000e\000g\000m\000e\000n\000t\000a\000t\000i\000o\000n\000\040\000w\000i\000t\000h\000\040\000c\000o\000r\000r\000i\000d\000o\000r\000\040\000w\000e\000i\000g\000h\000t\000i\000n\000g}{section.2.8}% 48
\BOOKMARK [2][-]{subsection.2.8.5}{\376\377\000P\000a\000t\000h\000F\000i\000n\000d\000e\000r\000\040\040\024\000\040\000m\000u\000l\000t\000i\000-\000t\000r\000a\000n\000s\000m\000i\000t\000t\000e\000r\000\040\000d\000o\000m\000a\000i\000n\000\040\000a\000d\000a\000p\000t\000a\000t\000i\000o\000n}{section.2.8}% 49
\BOOKMARK [2][-]{subsection.2.8.6}{\376\377\000I\000C\000A\000S\000S\000P\000\040\0002\0000\0002\0005\000\040\000i\000n\000d\000o\000o\000r\000\040\000c\000h\000a\000l\000l\000e\000n\000g\000e}{section.2.8}% 50
\BOOKMARK [1][-]{section.2.9}{\376\377\000E\000m\000e\000r\000g\000i\000n\000g\000\040\000t\000e\000c\000h\000n\000i\000q\000u\000e\000s\000\040\000f\000o\000r\000\040\000c\000l\000o\000s\000i\000n\000g\000\040\000t\000h\000e\000\040\000N\000L\000o\000S\000\040\000g\000a\000p}{chapter.2}% 51
\BOOKMARK [2][-]{subsection.2.9.1}{\376\377\000S\000y\000n\000t\000h\000e\000s\000i\000s\000:\000\040\000l\000i\000t\000e\000r\000a\000t\000u\000r\000e\000\040\000g\000a\000p\000s\000\040\000m\000a\000p\000p\000e\000d\000\040\000t\000o\000\040\000t\000h\000e\000s\000i\000s\000\040\000d\000e\000c\000i\000s\000i\000o\000n\000s}{section.2.9}% 52
\BOOKMARK [1][-]{section.2.10}{\376\377\000P\000o\000s\000i\000t\000i\000o\000n\000\040\000o\000f\000\040\000t\000h\000e\000\040\000F\000i\000n\000a\000l\000\040\000M\000o\000d\000e\000l\000\040\000i\000n\000\040\000t\000h\000e\000\040\000L\000i\000t\000e\000r\000a\000t\000u\000r\000e}{chapter.2}% 53
\BOOKMARK [2][-]{subsection.2.10.1}{\376\377\000W\000h\000a\000t\000\040\000i\000s\000\040\000n\000o\000v\000e\000l\000\040\000a\000b\000o\000u\000t\000\040\000t\000h\000e\000\040\000f\000i\000n\000a\000l\000\040\000m\000o\000d\000e\000l}{section.2.10}% 54
\BOOKMARK [2][-]{subsection.2.10.2}{\376\377\000W\000h\000a\000t\000\040\000t\000h\000e\000\040\000f\000i\000n\000a\000l\000\040\000m\000o\000d\000e\000l\000\040\000d\000o\000e\000s\000\040\000n\000o\000t\000\040\000c\000l\000a\000i\000m}{section.2.10}% 55
\BOOKMARK [2][-]{subsection.2.10.3}{\376\377\000S\000u\000m\000m\000a\000r\000y\000\040\000o\000f\000\040\000p\000o\000s\000i\000t\000i\000o\000n}{section.2.10}% 56
\BOOKMARK [0][-]{chapter.3}{\376\377\000M\000e\000t\000h\000o\000d\000o\000l\000o\000g\000y\000\040\000/\000\040\000p\000r\000o\000j\000e\000c\000t\000\040\000d\000e\000v\000e\000l\000o\000p\000m\000e\000n\000t}{}% 57
\BOOKMARK [1][-]{section.3.1}{\376\377\000D\000a\000t\000a\000s\000e\000t\000\040\000p\000r\000o\000t\000o\000c\000o\000l}{chapter.3}% 58
\BOOKMARK [1][-]{section.3.2}{\376\377\000F\000r\000o\000m\000\040\000U\000-\000N\000e\000t\000\040\000a\000n\000d\000\040\000c\000G\000A\000N\000\040\000t\000o\000\040\000m\000a\000s\000k\000e\000d\000\040\000b\000a\000s\000e\000l\000i\000n\000e\000s}{chapter.3}% 59
\BOOKMARK [1][-]{section.3.3}{\376\377\000D\000e\000v\000e\000l\000o\000p\000m\000e\000n\000t\000\040\000l\000e\000s\000s\000o\000n\000s\000\040\000u\000s\000e\000d\000\040\000b\000y\000\040\000t\000h\000e\000\040\000m\000e\000t\000h\000o\000d\000o\000l\000o\000g\000y}{chapter.3}% 60
\BOOKMARK [1][-]{section.3.4}{\376\377\000P\000h\000y\000s\000i\000c\000a\000l\000\040\000p\000r\000i\000o\000r\000s\000\040\000a\000n\000d\000\040\000P\000M\000H\000H\000N\000e\000t}{chapter.3}% 61
\BOOKMARK [2][-]{subsection.3.4.1}{\376\377\000M\000a\000t\000h\000e\000m\000a\000t\000i\000c\000a\000l\000\040\000E\000v\000o\000l\000u\000t\000i\000o\000n\000:\000\040\000F\000r\000o\000m\000\040\000P\000M\000N\000e\000t\000\040\000t\000o\000\040\000P\000M\000H\000H\000N\000e\000t}{section.3.4}% 62
\BOOKMARK [2][-]{subsection.3.4.2}{\376\377\000L\000i\000m\000i\000t\000a\000t\000i\000o\000n\000s\000\040\000a\000n\000d\000\040\000L\000e\000g\000a\000c\000y}{section.3.4}% 63
\BOOKMARK [1][-]{section.3.5}{\376\377\000D\000i\000s\000t\000r\000i\000b\000u\000t\000i\000o\000n\000-\000f\000i\000r\000s\000t\000\040\000m\000o\000d\000e\000l\000l\000i\000n\000g}{chapter.3}% 64
\BOOKMARK [2][-]{subsection.3.5.1}{\376\377\000H\000o\000w\000\040\000t\000o\000\040\000c\000o\000n\000s\000t\000r\000u\000c\000t\000\040\000a\000\040\000g\000o\000o\000d\000\040\000d\000e\000e\000p\000-\000l\000e\000a\000r\000n\000i\000n\000g\000\040\000m\000o\000d\000e\000l\000\040\000f\000o\000r\000\040\000r\000a\000d\000i\000o\000\040\000m\000a\000p\000s}{section.3.5}% 65
\BOOKMARK [1][-]{section.3.6}{\376\377\000G\000M\000M\000\040\000c\000o\000m\000p\000o\000n\000e\000n\000t\000\040\000c\000o\000u\000n\000t\000\040\000a\000n\000d\000\040\000d\000i\000s\000t\000r\000i\000b\000u\000t\000i\000o\000n\000\040\000c\000h\000o\000i\000c\000e}{chapter.3}% 66
\BOOKMARK [1][-]{section.3.7}{\376\377\000L\000o\000s\000s\000\040\000f\000u\000n\000c\000t\000i\000o\000n\000s\000\040\000o\000f\000\040\000t\000h\000e\000\040\000f\000i\000n\000a\000l\000\040\000p\000i\000p\000e\000l\000i\000n\000e}{chapter.3}% 67
\BOOKMARK [1][-]{section.3.8}{\376\377\000T\000r\000a\000i\000n\000i\000n\000g\000\040\000h\000y\000p\000e\000r\000p\000a\000r\000a\000m\000e\000t\000e\000r\000s}{chapter.3}% 68
\BOOKMARK [1][-]{section.3.9}{\376\377\000F\000i\000n\000a\000l\000\040\000r\000e\000s\000i\000d\000u\000a\000l\000-\000G\000M\000M\000\040\000t\000r\000a\000i\000n\000i\000n\000g\000\040\000p\000r\000o\000g\000r\000e\000s\000s\000i\000o\000n}{chapter.3}% 69
\BOOKMARK [1][-]{section.3.10}{\376\377\000F\000i\000n\000a\000l\000\040\000p\000r\000i\000o\000r\000s\000:\000\040\000o\000v\000e\000r\000v\000i\000e\000w\000\040\000a\000n\000d\000\040\000l\000i\000t\000e\000r\000a\000t\000u\000r\000e\000\040\000b\000a\000s\000i\000s}{chapter.3}% 70
\BOOKMARK [2][-]{subsection.3.10.1}{\376\377\000H\000i\000g\000h\000-\000l\000e\000v\000e\000l\000\040\000a\000r\000c\000h\000i\000t\000e\000c\000t\000u\000r\000e}{section.3.10}% 71
\BOOKMARK [2][-]{subsection.3.10.2}{\376\377\000P\000r\000i\000o\000r\000\040\000d\000e\000s\000i\000g\000n\000\040\000r\000u\000l\000e\000s}{section.3.10}% 72
\BOOKMARK [2][-]{subsection.3.10.3}{\376\377\000L\000i\000t\000e\000r\000a\000t\000u\000r\000e\000\040\000i\000n\000g\000r\000e\000d\000i\000e\000n\000t\000s\000\040\000a\000n\000d\000\040\000t\000h\000e\000s\000i\000s\000\040\000a\000d\000a\000p\000t\000a\000t\000i\000o\000n\000s}{section.3.10}% 73
\BOOKMARK [1][-]{section.3.11}{\376\377\000P\000a\000t\000h\000\040\000L\000o\000s\000s\000\040\000P\000r\000i\000o\000r}{chapter.3}% 74
\BOOKMARK [2][-]{subsection.3.11.1}{\376\377\000L\000o\000S\000\040\000b\000r\000a\000n\000c\000h\000:\000\040\000e\000n\000h\000a\000n\000c\000e\000d\000\040\000t\000w\000o\000-\000r\000a\000y\000\040\000m\000o\000d\000e\000l}{section.3.11}% 75
\BOOKMARK [2][-]{subsection.3.11.2}{\376\377\000C\000a\000l\000i\000b\000r\000a\000t\000i\000o\000n\000\040\000o\000f\000\040\000t\000h\000e\000\040\000L\000o\000S\000\040\000t\000w\000o\000-\000r\000a\000y\000\040\000m\000o\000d\000e\000l}{section.3.11}% 76
\BOOKMARK [2][-]{subsection.3.11.3}{\376\377\000N\000L\000o\000S\000\040\000b\000r\000a\000n\000c\000h}{section.3.11}% 77
\BOOKMARK [2][-]{subsection.3.11.4}{\376\377\000E\000v\000a\000l\000u\000a\000t\000i\000o\000n\000\040\000m\000e\000t\000r\000i\000c\000:\000\040\000p\000i\000x\000e\000l\000-\000w\000e\000i\000g\000h\000t\000e\000d\000\040\000R\000M\000S\000E}{section.3.11}% 78
\BOOKMARK [2][-]{subsection.3.11.5}{\376\377\000O\000b\000s\000e\000r\000v\000e\000d\000\040\000p\000a\000t\000h\000-\000l\000o\000s\000s\000-\000p\000r\000i\000o\000r\000\040\000r\000e\000s\000u\000l\000t\000s}{section.3.11}% 79
\BOOKMARK [1][-]{section.3.12}{\376\377\000D\000e\000l\000a\000y\000\040\000a\000n\000d\000\040\000A\000n\000g\000u\000l\000a\000r\000\040\000S\000p\000r\000e\000a\000d\000\040\000P\000r\000i\000o\000r\000s}{chapter.3}% 80
\BOOKMARK [2][-]{subsection.3.12.1}{\376\377\000P\000h\000y\000s\000i\000c\000a\000l\000\040\000m\000o\000t\000i\000v\000a\000t\000i\000o\000n\000\040\000f\000o\000r\000\040\000l\000o\000g\000-\000d\000o\000m\000a\000i\000n\000\040\000m\000o\000d\000e\000l\000i\000n\000g}{section.3.12}% 81
\BOOKMARK [2][-]{subsection.3.12.2}{\376\377\000P\000i\000x\000e\000l\000-\000w\000i\000s\000e\000\040\000n\000o\000t\000a\000t\000i\000o\000n\000\040\000f\000o\000r\000\040\000t\000h\000e\000\040\000s\000p\000r\000e\000a\000d\000-\000p\000r\000i\000o\000r\000\040\000f\000i\000t}{section.3.12}% 82
\BOOKMARK [2][-]{subsection.3.12.3}{\376\377\000R\000a\000w\000\040\000s\000p\000r\000e\000a\000d\000\040\000p\000r\000i\000o\000r\000\040\000i\000n\000\040\000l\000o\000g\000\040\000d\000o\000m\000a\000i\000n}{section.3.12}% 83
\BOOKMARK [2][-]{subsection.3.12.4}{\376\377\000C\000a\000l\000i\000b\000r\000a\000t\000e\000d\000\040\000s\000p\000r\000e\000a\000d\000\040\000p\000r\000i\000o\000r}{section.3.12}% 84
\BOOKMARK [2][-]{subsection.3.12.5}{\376\377\000S\000p\000r\000e\000a\000d\000-\000p\000r\000i\000o\000r\000\040\000r\000e\000s\000u\000l\000t\000s}{section.3.12}% 85
\BOOKMARK [1][-]{section.3.13}{\376\377\000J\000o\000i\000n\000t\000\040\000P\000r\000i\000o\000r\000-\000A\000n\000c\000h\000o\000r\000e\000d\000\040\000R\000e\000s\000i\000d\000u\000a\000l\000\040\000G\000M\000M\000\040\000M\000o\000d\000e\000l}{chapter.3}% 86
\BOOKMARK [2][-]{subsection.3.13.1}{\376\377\000E\000x\000p\000e\000r\000i\000m\000e\000n\000t\000a\000l\000\040\000p\000r\000o\000t\000o\000c\000o\000l\000\040\000a\000n\000d\000\040\000r\000e\000p\000o\000r\000t\000i\000n\000g\000\040\000s\000t\000a\000t\000u\000s}{section.3.13}% 87
\BOOKMARK [2][-]{subsection.3.13.2}{\376\377\000P\000r\000i\000o\000r\000-\000A\000n\000c\000h\000o\000r\000e\000d\000\040\000G\000M\000M\000\040\000R\000e\000s\000i\000d\000u\000a\000l\000\040\000M\000o\000d\000e\000l}{section.3.13}% 88
\BOOKMARK [2][-]{subsection.3.13.3}{\376\377\000A\000r\000c\000h\000i\000t\000e\000c\000t\000u\000r\000e\000:\000\040\000S\000h\000a\000r\000e\000d\000\040\000U\000N\000e\000t\000\040\000w\000i\000t\000h\000\040\000F\000i\000L\000M}{section.3.13}% 89
\BOOKMARK [2][-]{subsection.3.13.4}{\376\377\000C\000o\000m\000p\000o\000s\000i\000t\000e\000\040\000O\000p\000t\000i\000m\000i\000z\000a\000t\000i\000o\000n\000\040\000O\000b\000j\000e\000c\000t\000i\000v\000e}{section.3.13}% 90
\BOOKMARK [0][-]{chapter.4}{\376\377\000R\000e\000s\000u\000l\000t\000s}{}% 91
\BOOKMARK [1][-]{section.4.1}{\376\377\000E\000x\000p\000e\000r\000i\000m\000e\000n\000t\000s\000\040\000a\000n\000d\000\040\000T\000e\000s\000t\000s}{chapter.4}% 92
\BOOKMARK [2][-]{subsection.4.1.1}{\376\377\000L\000o\000S\000\040\000p\000a\000t\000h\000-\000l\000o\000s\000s\000\040\000p\000r\000i\000o\000r\000\040\000p\000r\000o\000g\000r\000e\000s\000s\000i\000o\000n}{section.4.1}% 93
\BOOKMARK [1][-]{section.4.2}{\376\377\000R\000M\000S\000E\000\040\000e\000v\000o\000l\000u\000t\000i\000o\000n\000\040\000a\000n\000d\000\040\000i\000n\000t\000e\000r\000p\000r\000e\000t\000a\000t\000i\000o\000n}{chapter.4}% 94
\BOOKMARK [2][-]{subsection.4.2.1}{\376\377\000D\000i\000s\000t\000r\000i\000b\000u\000t\000i\000o\000n\000-\000f\000i\000r\000s\000t\000\040\000p\000a\000t\000h\000-\000l\000o\000s\000s\000\040\000r\000e\000f\000e\000r\000e\000n\000c\000e}{section.4.2}% 95
\BOOKMARK [2][-]{subsection.4.2.2}{\376\377\000W\000h\000y\000\040\000p\000r\000i\000o\000r\000s\000\040\000c\000a\000m\000e\000\040\000b\000a\000c\000k\000\040\000a\000f\000t\000e\000r\000\040\000d\000i\000s\000t\000r\000i\000b\000u\000t\000i\000o\000n\000-\000f\000i\000r\000s\000t\000\040\000m\000o\000d\000e\000l\000l\000i\000n\000g}{section.4.2}% 96
\BOOKMARK [2][-]{subsection.4.2.3}{\376\377\000D\000i\000s\000t\000r\000i\000b\000u\000t\000i\000o\000n\000-\000f\000i\000r\000s\000t\000\040\000s\000p\000r\000e\000a\000d\000\040\000e\000x\000p\000e\000r\000t\000s}{section.4.2}% 97
\BOOKMARK [2][-]{subsection.4.2.4}{\376\377\000R\000M\000S\000E\000\040\000b\000y\000\040\000U\000A\000V\000\040\000t\000r\000a\000n\000s\000m\000i\000t\000t\000e\000r\000\040\000h\000e\000i\000g\000h\000t}{section.4.2}% 98
\BOOKMARK [2][-]{subsection.4.2.5}{\376\377\000P\000a\000t\000h\000-\000l\000o\000s\000s\000\040\000p\000r\000i\000o\000r\000\040\000b\000y\000\040\000t\000o\000p\000o\000l\000o\000g\000y\000\040\000c\000l\000a\000s\000s}{section.4.2}% 99
\BOOKMARK [2][-]{subsection.4.2.6}{\376\377\000F\000i\000n\000a\000l\000\040\000j\000o\000i\000n\000t\000\040\000p\000r\000i\000o\000r\000-\000a\000n\000c\000h\000o\000r\000e\000d\000\040\000r\000e\000s\000i\000d\000u\000a\000l\000\040\000G\000M\000M\000\040\000t\000e\000s\000t\000\040\000r\000e\000s\000u\000l\000t\000s}{section.4.2}% 100
\BOOKMARK [1][-]{section.4.3}{\376\377\000D\000a\000t\000a\000\040\000V\000i\000s\000u\000a\000l\000i\000z\000a\000t\000i\000o\000n}{chapter.4}% 101
\BOOKMARK [1][-]{section.4.4}{\376\377\000L\000i\000m\000i\000t\000a\000t\000i\000o\000n\000s}{chapter.4}% 102
\BOOKMARK [0][-]{chapter.5}{\376\377\000S\000u\000s\000t\000a\000i\000n\000a\000b\000i\000l\000i\000t\000y\000\040\000A\000n\000a\000l\000y\000s\000i\000s\000\040\000a\000n\000d\000\040\000E\000t\000h\000i\000c\000a\000l\000\040\000I\000m\000p\000l\000i\000c\000a\000t\000i\000o\000n\000s}{}% 103
\BOOKMARK [1][-]{section.5.1}{\376\377\000S\000u\000s\000t\000a\000i\000n\000a\000b\000i\000l\000i\000t\000y\000\040\000m\000a\000t\000r\000i\000x}{chapter.5}% 104
\BOOKMARK [2][-]{subsection.5.1.1}{\376\377\000E\000n\000v\000i\000r\000o\000n\000m\000e\000n\000t\000a\000l\000\040\000i\000m\000p\000a\000c\000t}{section.5.1}% 105
\BOOKMARK [2][-]{subsection.5.1.2}{\376\377\000E\000c\000o\000n\000o\000m\000i\000c\000\040\000i\000m\000p\000a\000c\000t}{section.5.1}% 106
\BOOKMARK [2][-]{subsection.5.1.3}{\376\377\000S\000o\000c\000i\000a\000l\000\040\000i\000m\000p\000a\000c\000t}{section.5.1}% 107
\BOOKMARK [1][-]{section.5.2}{\376\377\000E\000t\000h\000i\000c\000a\000l\000\040\000i\000m\000p\000l\000i\000c\000a\000t\000i\000o\000n\000s}{chapter.5}% 108
\BOOKMARK [1][-]{section.5.3}{\376\377\000R\000e\000l\000a\000t\000i\000o\000n\000s\000h\000i\000p\000\040\000w\000i\000t\000h\000\040\000t\000h\000e\000\040\000S\000u\000s\000t\000a\000i\000n\000a\000b\000l\000e\000\040\000D\000e\000v\000e\000l\000o\000p\000m\000e\000n\000t\000\040\000G\000o\000a\000l\000s}{chapter.5}% 109
\BOOKMARK [0][-]{chapter.6}{\376\377\000C\000o\000n\000c\000l\000u\000s\000i\000o\000n\000s\000\040\000a\000n\000d\000\040\000F\000u\000t\000u\000r\000e\000\040\000W\000o\000r\000k}{}% 110
\BOOKMARK [1][-]{section.6.1}{\376\377\000C\000o\000n\000c\000l\000u\000s\000i\000o\000n\000s}{chapter.6}% 111
\BOOKMARK [2][-]{subsection.6.1.1}{\376\377\000W\000h\000a\000t\000\040\000t\000h\000e\000\040\000f\000i\000n\000a\000l\000\040\000r\000e\000s\000u\000l\000t\000\040\000m\000e\000a\000n\000s}{section.6.1}% 112
\BOOKMARK [2][-]{subsection.6.1.2}{\376\377\000A\000n\000s\000w\000e\000r\000s\000\040\000t\000o\000\040\000t\000h\000e\000\040\000r\000e\000s\000e\000a\000r\000c\000h\000\040\000q\000u\000e\000s\000t\000i\000o\000n\000s}{section.6.1}% 113
\BOOKMARK [2][-]{subsection.6.1.3}{\376\377\000M\000a\000i\000n\000\040\000c\000o\000n\000t\000r\000i\000b\000u\000t\000i\000o\000n\000s}{section.6.1}% 114
\BOOKMARK [2][-]{subsection.6.1.4}{\376\377\000P\000r\000a\000c\000t\000i\000c\000a\000l\000\040\000i\000m\000p\000l\000i\000c\000a\000t\000i\000o\000n\000s\000\040\000a\000n\000d\000\040\000s\000c\000o\000p\000e}{section.6.1}% 115
\BOOKMARK [2][-]{subsection.6.1.5}{\376\377\000N\000e\000g\000a\000t\000i\000v\000e\000\040\000r\000e\000s\000u\000l\000t\000s}{section.6.1}% 116
\BOOKMARK [2][-]{subsection.6.1.6}{\376\377\000L\000e\000s\000s\000o\000n\000s\000\040\000l\000e\000a\000r\000n\000e\000d\000\040\000a\000c\000r\000o\000s\000s\000\040\000t\000h\000e\000\040\000d\000e\000v\000e\000l\000o\000p\000m\000e\000n\000t\000\040\000p\000a\000t\000h}{section.6.1}% 117
\BOOKMARK [1][-]{section.6.2}{\376\377\000F\000u\000t\000u\000r\000e\000\040\000D\000i\000r\000e\000c\000t\000i\000o\000n\000s}{chapter.6}% 118
\BOOKMARK [0][-]{chapter*.148}{\376\377\000B\000i\000b\000l\000i\000o\000g\000r\000a\000p\000h\000y}{}% 119
\BOOKMARK [0][-]{appendix.A}{\376\377\000D\000e\000t\000a\000i\000l\000e\000d\000\040\000A\000t\000t\000e\000m\000p\000t\000\040\000L\000o\000g}{}% 120
\BOOKMARK [1][-]{section.A.1}{\376\377\000H\000o\000w\000\040\000t\000o\000\040\000r\000e\000a\000d\000\040\000t\000h\000e\000\040\000a\000t\000t\000e\000m\000p\000t\000\040\000n\000u\000m\000b\000e\000r\000s}{appendix.A}% 121
\BOOKMARK [1][-]{section.A.2}{\376\377\000T\000r\000y\000-\000n\000u\000m\000b\000e\000r\000\040\000m\000a\000p}{appendix.A}% 122
\BOOKMARK [1][-]{section.A.3}{\376\377\000E\000x\000p\000a\000n\000d\000e\000d\000\040\000c\000h\000r\000o\000n\000o\000l\000o\000g\000i\000c\000a\000l\000\040\000t\000i\000m\000e\000l\000i\000n\000e}{appendix.A}% 123
\BOOKMARK [2][-]{subsection.A.3.1}{\376\377\000E\000a\000r\000l\000y\000\040\000i\000m\000a\000g\000e\000-\000t\000o\000-\000i\000m\000a\000g\000e\000\040\000b\000a\000s\000e\000l\000i\000n\000e\000s}{section.A.3}% 124
\BOOKMARK [2][-]{subsection.A.3.2}{\376\377\000G\000e\000o\000m\000e\000t\000r\000y\000\040\000c\000o\000n\000d\000i\000t\000i\000o\000n\000i\000n\000g\000\040\000a\000n\000d\000\040\000a\000r\000t\000i\000f\000a\000c\000t\000\040\000c\000o\000n\000t\000r\000o\000l}{section.A.3}% 125
\BOOKMARK [2][-]{subsection.A.3.3}{\376\377\000M\000a\000s\000k\000i\000n\000g\000\040\000a\000n\000d\000\040\000e\000v\000a\000l\000u\000a\000t\000i\000o\000n\000\040\000c\000o\000n\000t\000r\000a\000c\000t}{section.A.3}% 126
\BOOKMARK [2][-]{subsection.A.3.4}{\376\377\000P\000r\000i\000o\000r\000-\000g\000u\000i\000d\000e\000d\000\040\000r\000e\000s\000i\000d\000u\000a\000l\000\040\000l\000e\000a\000r\000n\000i\000n\000g}{section.A.3}% 127
\BOOKMARK [2][-]{subsection.A.3.5}{\376\377\000P\000M\000H\000H\000N\000e\000t\000\040\000a\000n\000d\000\040\000e\000x\000p\000e\000r\000t\000-\000r\000o\000u\000t\000i\000n\000g\000\040\000p\000h\000a\000s\000e}{section.A.3}% 128
\BOOKMARK [2][-]{subsection.A.3.6}{\376\377\000R\000e\000g\000u\000l\000a\000r\000i\000z\000a\000t\000i\000o\000n\000\040\000a\000n\000d\000\040\000d\000i\000s\000t\000r\000i\000b\000u\000t\000i\000o\000n\000\040\000d\000i\000a\000g\000n\000o\000s\000i\000s}{section.A.3}% 129
\BOOKMARK [2][-]{subsection.A.3.7}{\376\377\000D\000i\000s\000t\000r\000i\000b\000u\000t\000i\000o\000n\000-\000f\000i\000r\000s\000t\000\040\000m\000o\000d\000e\000l\000l\000i\000n\000g}{section.A.3}% 130
\BOOKMARK [2][-]{subsection.A.3.8}{\376\377\000F\000r\000o\000z\000e\000n\000\040\000c\000a\000l\000i\000b\000r\000a\000t\000e\000d\000\040\000p\000r\000i\000o\000r\000s}{section.A.3}% 131
\BOOKMARK [2][-]{subsection.A.3.9}{\376\377\000F\000i\000n\000a\000l\000\040\000p\000r\000i\000o\000r\000-\000a\000n\000c\000h\000o\000r\000e\000d\000\040\000r\000e\000s\000i\000d\000u\000a\000l\000\040\000G\000M\000M\000\040\000m\000o\000d\000e\000l}{section.A.3}% 132
\BOOKMARK [0][-]{appendix.B}{\376\377\000F\000i\000n\000a\000l\000\040\000R\000e\000s\000i\000d\000u\000a\000l\000-\000G\000M\000M\000\040\000C\000o\000n\000f\000i\000g\000u\000r\000a\000t\000i\000o\000n\000\040\000S\000u\000m\000m\000a\000r\000y}{}% 133
\BOOKMARK [0][-]{appendix.C}{\376\377\000F\000o\000r\000m\000u\000l\000a\000\040\000P\000l\000a\000c\000e\000m\000e\000n\000t}{}% 134
\BOOKMARK [0][-]{appendix.D}{\376\377\000R\000e\000p\000r\000e\000s\000e\000n\000t\000a\000t\000i\000v\000e\000\040\000F\000i\000n\000a\000l\000\040\000R\000e\000s\000i\000d\000u\000a\000l\000-\000G\000M\000M\000\040\000I\000n\000s\000p\000e\000c\000t\000i\000o\000n\000\040\000P\000a\000n\000e\000l\000s}{}% 135
\BOOKMARK [0][-]{appendix.E}{\376\377\000I\000m\000p\000l\000e\000m\000e\000n\000t\000a\000t\000i\000o\000n\000\040\000S\000n\000i\000p\000p\000e\000t\000s}{}% 136
\BOOKMARK [1][-]{section.E.1}{\376\377\000F\000r\000o\000z\000e\000n\000\040\000p\000r\000i\000o\000r\000\040\000a\000s\000s\000e\000m\000b\000l\000y}{appendix.E}% 137
\BOOKMARK [1][-]{section.E.2}{\376\377\000F\000i\000n\000a\000l\000\040\000r\000e\000s\000i\000d\000u\000a\000l\000-\000G\000M\000M\000\040\000i\000n\000p\000u\000t\000\040\000t\000e\000n\000s\000o\000r}{appendix.E}% 138
\BOOKMARK [1][-]{section.E.3}{\376\377\000B\000o\000u\000n\000d\000e\000d\000\040\000r\000e\000s\000i\000d\000u\000a\000l\000\040\000d\000e\000c\000o\000d\000e\000r}{appendix.E}% 139
\BOOKMARK [0][-]{appendix.F}{\376\377\000C\000K\000M\000\040\000G\000e\000n\000e\000r\000a\000t\000o\000r\000\040\000I\000n\000t\000e\000r\000f\000a\000c\000e\000\040\000a\000n\000d\000\040\000R\000e\000p\000r\000o\000d\000u\000c\000i\000b\000i\000l\000i\000t\000y\000\040\000T\000o\000o\000l}{}% 140
\BOOKMARK [1][-]{section.F.1}{\376\377\000I\000n\000t\000e\000r\000f\000a\000c\000e\000\040\000o\000v\000e\000r\000v\000i\000e\000w}{appendix.F}% 141
\BOOKMARK [1][-]{section.F.2}{\376\377\000H\000o\000w\000\040\000t\000h\000e\000\040\000t\000o\000o\000l\000\040\000i\000s\000\040\000r\000u\000n}{appendix.F}% 142
\BOOKMARK [1][-]{section.F.3}{\376\377\000A\000c\000c\000e\000p\000t\000e\000d\000\040\000i\000n\000p\000u\000t\000s}{appendix.F}% 143
\BOOKMARK [1][-]{section.F.4}{\376\377\000C\000o\000n\000f\000i\000g\000u\000r\000a\000b\000l\000e\000\040\000c\000o\000n\000t\000r\000o\000l\000s}{appendix.F}% 144
\BOOKMARK [1][-]{section.F.5}{\376\377\000I\000m\000a\000g\000e\000\040\000s\000c\000a\000l\000i\000n\000g\000\040\000a\000n\000d\000\040\000r\000a\000w\000\040\000n\000u\000m\000e\000r\000i\000c\000\040\000d\000a\000t\000a}{appendix.F}% 145
\BOOKMARK [1][-]{section.F.6}{\376\377\000M\000o\000d\000e\000l\000-\000g\000r\000i\000d\000\040\000f\000i\000t\000t\000i\000n\000g\000\040\000a\000n\000d\000\040\000i\000n\000t\000e\000r\000p\000o\000l\000a\000t\000i\000o\000n}{appendix.F}% 146
\BOOKMARK [1][-]{section.F.7}{\376\377\000M\000a\000s\000k\000\040\000p\000o\000l\000i\000c\000i\000e\000s}{appendix.F}% 147
\BOOKMARK [1][-]{section.F.8}{\376\377\000O\000u\000t\000p\000u\000t\000s}{appendix.F}% 148
\BOOKMARK [1][-]{section.F.9}{\376\377\000P\000e\000r\000f\000o\000r\000m\000a\000n\000c\000e\000\040\000c\000o\000n\000t\000r\000o\000l\000s}{appendix.F}% 149
